{"tag": "function", "depth": 1, "time": 1715336343.1982028, "data": {"name": "connect_device", "call_args": {"uri": "ios:///http://169.254.68.74:8100"}, "start_time": 1715336343.016617, "ret": "<IOS 'http://169.254.68.74:8100'>", "end_time": 1715336343.198196}}
{"tag": "info", "depth": 0, "time": 1715336343.1983192, "data": {"name": "\u8bbe\u5907\u521d\u59cb\u5316\u6210\u529f", "traceback": null, "log": "\u8bbe\u5907\u521d\u59cb\u5316\u6210\u529f"}}
{"tag": "function", "depth": 1, "time": 1715336344.292788, "data": {"name": "stop_app", "call_args": {"package": "com.topjoy.zeusdemo"}, "start_time": 1715336343.2378728, "ret": null, "end_time": 1715336344.2927082}}
{"tag": "function", "depth": 1, "time": 1715336345.545722, "data": {"name": "start_app", "call_args": {"package": "com.topjoy.zeusdemo", "activity": null}, "start_time": 1715336344.293118, "ret": null, "end_time": 1715336345.5457149}}
{"tag": "function", "depth": 1, "time": 1715336356.4836469, "data": {"name": "record_ui", "call_args": {"driver": "<poco.drivers.ios.iosPoco object at 0x11a3cb8e0>", "action": "'click'", "ui": "UIObjectProxy of \"\u521d\u59cb\u5316\"", "args": "[0.8333333333333334, 0.2413793103448276]"}, "start_time": 1715336356.483552, "ret": "UIObjectProxy of \"\u521d\u59cb\u5316\"", "end_time": 1715336356.483639}}
{"tag": "function", "depth": 2, "time": 1715336356.768489, "data": {"name": "try_log_screen", "call_args": {"screen": null, "quality": null, "max_size": null}, "start_time": 1715336356.484789, "ret": {"screen": "1715336356672.jpg", "resolution": [1124, 2436]}, "end_time": 1715336356.7684748}}
{"tag": "function", "depth": 1, "time": 1715336357.747593, "data": {"name": "touch", "call_args": {"v": [936.6666666666667, 588.0], "kwargs": {"duration": 0.01}, "times": 1}, "start_time": 1715336356.484673, "ret": [936.6666666666667, 588.0], "end_time": 1715336357.747571}}
{"tag": "function", "depth": 1, "time": 1715336370.090295, "data": {"name": "record_ui", "call_args": {"driver": "<poco.drivers.ios.iosPoco object at 0x11a3cb8e0>", "action": "'click'", "ui": "UIObjectProxy of \"\u9759\u9ed8\u767b\u5f55\"", "args": "[0.8333333333333334, 0.5665024630541872]"}, "start_time": 1715336370.090181, "ret": "UIObjectProxy of \"\u9759\u9ed8\u767b\u5f55\"", "end_time": 1715336370.090285}}
{"tag": "function", "depth": 2, "time": 1715336370.3431711, "data": {"name": "try_log_screen", "call_args": {"screen": null, "quality": null, "max_size": null}, "start_time": 1715336370.091481, "ret": {"screen": "1715336370299.jpg", "resolution": [1124, 2436]}, "end_time": 1715336370.343151}}
{"tag": "function", "depth": 1, "time": 1715336371.3310962, "data": {"name": "touch", "call_args": {"v": [936.6666666666667, 1380.0], "kwargs": {"duration": 0.01}, "times": 1}, "start_time": 1715336370.091388, "ret": [936.6666666666667, 1380.0], "end_time": 1715336371.331074}}
{"tag": "function", "depth": 1, "time": 1715336385.2676191, "data": {"name": "record_ui", "call_args": {"driver": "<poco.drivers.ios.iosPoco object at 0x11a3cb8e0>", "action": "'click'", "ui": "UIObjectProxy of \"\u90ae\u7bb1\u7ed1\u5b9a\"", "args": "[0.8333333333333334, 0.458128078817734]"}, "start_time": 1715336385.2675111, "ret": "UIObjectProxy of \"\u90ae\u7bb1\u7ed1\u5b9a\"", "end_time": 1715336385.26761}}
{"tag": "function", "depth": 2, "time": 1715336385.523781, "data": {"name": "try_log_screen", "call_args": {"screen": null, "quality": null, "max_size": null}, "start_time": 1715336385.268183, "ret": {"screen": "1715336385482.jpg", "resolution": [1124, 2436]}, "end_time": 1715336385.523765}}
{"tag": "function", "depth": 1, "time": 1715336386.5210319, "data": {"name": "touch", "call_args": {"v": [936.6666666666667, 1116.0], "kwargs": {"duration": 0.01}, "times": 1}, "start_time": 1715336385.268081, "ret": [936.6666666666667, 1116.0], "end_time": 1715336386.52101}}
{"tag": "function", "depth": 1, "time": 1715336393.186805, "data": {"name": "record_ui", "call_args": {"driver": "<poco.drivers.ios.iosPoco object at 0x11a3cb8e0>", "action": "'click'", "ui": "UIObjectProxy of \"selectno\"", "args": "[0.116, 0.6231527093596059]"}, "start_time": 1715336393.1867242, "ret": "UIObjectProxy of \"selectno\"", "end_time": 1715336393.186798}}
{"tag": "function", "depth": 2, "time": 1715336393.425483, "data": {"name": "try_log_screen", "call_args": {"screen": null, "quality": null, "max_size": null}, "start_time": 1715336393.1871092, "ret": {"screen": "1715336393383.jpg", "resolution": [1124, 2436]}, "end_time": 1715336393.425463}}
{"tag": "function", "depth": 1, "time": 1715336394.448916, "data": {"name": "touch", "call_args": {"v": [130.38400000000001, 1518.0], "kwargs": {"duration": 0.01}, "times": 1}, "start_time": 1715336393.187048, "ret": [130.38400000000001, 1518.0], "end_time": 1715336394.448895}}
{"tag": "function", "depth": 1, "time": 1715336400.910999, "data": {"name": "record_ui", "call_args": {"driver": "<poco.drivers.ios.iosPoco object at 0x11a3cb8e0>", "action": "'click'", "ui": "UIObjectProxy of \"TextField\"", "args": "[0.5, 0.48460591133004927]"}, "start_time": 1715336400.9108999, "ret": "UIObjectProxy of \"TextField\"", "end_time": 1715336400.910992}}
{"tag": "function", "depth": 2, "time": 1715336401.1472168, "data": {"name": "try_log_screen", "call_args": {"screen": null, "quality": null, "max_size": null}, "start_time": 1715336400.9115741, "ret": {"screen": "1715336401107.jpg", "resolution": [1124, 2436]}, "end_time": 1715336401.147201}}
{"tag": "function", "depth": 1, "time": 1715336402.157304, "data": {"name": "touch", "call_args": {"v": [562.0, 1180.5], "kwargs": {"duration": 0.01}, "times": 1}, "start_time": 1715336400.911486, "ret": [562.0, 1180.5], "end_time": 1715336402.157281}}
{"tag": "function", "depth": 1, "time": 1715336404.493844, "data": {"name": "text", "call_args": {"text": "jiaheqi@topjoy.com", "kwargs": {}, "enter": true}, "start_time": 1715336403.7668521, "ret": null, "end_time": 1715336404.493781}}
{"tag": "function", "depth": 1, "time": 1715336414.7403, "data": {"name": "record_ui", "call_args": {"driver": "<poco.drivers.ios.iosPoco object at 0x11a3cb8e0>", "action": "'click'", "ui": "UIObjectProxy of \"SecureTextField\"", "args": "[0.38, 0.5400246305418719]"}, "start_time": 1715336414.740204, "ret": "UIObjectProxy of \"SecureTextField\"", "end_time": 1715336414.740292}}
{"tag": "function", "depth": 2, "time": 1715336414.961086, "data": {"name": "try_log_screen", "call_args": {"screen": null, "quality": null, "max_size": null}, "start_time": 1715336414.741424, "ret": {"screen": "1715336414923.jpg", "resolution": [1124, 2436]}, "end_time": 1715336414.961063}}
{"tag": "function", "depth": 1, "time": 1715336416.0540311, "data": {"name": "touch", "call_args": {"v": [427.12, 1315.5], "kwargs": {"duration": 0.01}, "times": 1}, "start_time": 1715336414.741236, "ret": [427.12, 1315.5], "end_time": 1715336416.0540102}}
{"tag": "function", "depth": 1, "time": 1715336418.0775402, "data": {"name": "text", "call_args": {"text": "1234", "kwargs": {}, "enter": true}, "start_time": 1715336417.6614249, "ret": null, "end_time": 1715336418.077504}}
{"tag": "function", "depth": 1, "time": 1715336427.898067, "data": {"name": "record_ui", "call_args": {"driver": "<poco.drivers.ios.iosPoco object at 0x11a3cb8e0>", "action": "'click'", "ui": "UIObjectProxy of \"\u7ed1\u5b9a\"", "args": "[0.7506666666666667, 0.5400246305418719]"}, "start_time": 1715336427.897973, "ret": "UIObjectProxy of \"\u7ed1\u5b9a\"", "end_time": 1715336427.898059}}
{"tag": "function", "depth": 2, "time": 1715336428.12684, "data": {"name": "try_log_screen", "call_args": {"screen": null, "quality": null, "max_size": null}, "start_time": 1715336427.898624, "ret": {"screen": "1715336428086.jpg", "resolution": [1124, 2436]}, "end_time": 1715336428.126823}}
{"tag": "function", "depth": 1, "time": 1715336429.195532, "data": {"name": "touch", "call_args": {"v": [843.7493333333334, 1315.5], "kwargs": {"duration": 0.01}, "times": 1}, "start_time": 1715336427.89853, "ret": [843.7493333333334, 1315.5], "end_time": 1715336429.195513}}
{"tag": "function", "depth": 1, "time": 1715336433.805294, "data": {"name": "sleep", "call_args": {"secs": 3}, "start_time": 1715336430.803158, "ret": null, "end_time": 1715336433.805233}}
{"tag": "function", "depth": 2, "time": 1715336440.208658, "data": {"name": "try_log_screen", "call_args": {"screen": null, "quality": null, "max_size": null}, "start_time": 1715336439.96486, "ret": {"screen": "1715336440166.jpg", "resolution": [1124, 2436]}, "end_time": 1715336440.208641}}
{"tag": "function", "depth": 1, "time": 1715336440.209006, "data": {"name": "assert_true", "call_args": {"expr": true, "msg": "ios-email\u7ed1\u5b9a"}, "start_time": 1715336439.964742, "ret": null, "end_time": 1715336439.964854}}
{"tag": "function", "depth": 1, "time": 1715336452.707846, "data": {"name": "record_ui", "call_args": {"driver": "<poco.drivers.ios.iosPoco object at 0x11a3cb8e0>", "action": "'click'", "ui": "UIObjectProxy of \"\u90ae\u7bb1\u7ed1\u5b9a\"", "args": "[0.8333333333333334, 0.458128078817734]"}, "start_time": 1715336452.707708, "ret": "UIObjectProxy of \"\u90ae\u7bb1\u7ed1\u5b9a\"", "end_time": 1715336452.707839}}
{"tag": "function", "depth": 2, "time": 1715336452.955019, "data": {"name": "try_log_screen", "call_args": {"screen": null, "quality": null, "max_size": null}, "start_time": 1715336452.708134, "ret": {"screen": "1715336452912.jpg", "resolution": [1124, 2436]}, "end_time": 1715336452.954995}}
{"tag": "function", "depth": 1, "time": 1715336453.9691331, "data": {"name": "touch", "call_args": {"v": [936.6666666666667, 1116.0], "kwargs": {"duration": 0.01}, "times": 1}, "start_time": 1715336452.7080781, "ret": [936.6666666666667, 1116.0], "end_time": 1715336453.9690828}}
{"tag": "function", "depth": 2, "time": 1715336462.065582, "data": {"name": "try_log_screen", "call_args": {"screen": null, "quality": null, "max_size": null}, "start_time": 1715336461.835048, "ret": {"screen": "1715336462023.jpg", "resolution": [1124, 2436]}, "end_time": 1715336462.065568}}
{"tag": "function", "depth": 1, "time": 1715336462.065679, "data": {"name": "assert_true", "call_args": {"expr": false, "msg": "ios-\u90ae\u7bb1\u89e3\u7ed1"}, "start_time": 1715336461.819834, "traceback": "Traceback (most recent call last):\n  File \"/Users/topjoy/Library/Python/3.9/lib/python/site-packages/airtest/utils/logwraper.py\", line 131, in wrapper\n    res = f(*args, **kwargs)\n  File \"/Users/topjoy/Library/Python/3.9/lib/python/site-packages/airtest/core/assertions.py\", line 100, in assert_true\n    assert bool(expr), \"expression is not True, message: %s\" % msg\nAssertionError: expression is not True, message: ios-\u90ae\u7bb1\u89e3\u7ed1\n", "end_time": 1715336461.835037}}
{"tag": "function", "depth": 1, "time": 1715336466.190315, "data": {"name": "stop_app", "call_args": {"package": "com.topjoy.zeusdemo"}, "start_time": 1715336465.075357, "ret": null, "end_time": 1715336466.190306}}
{"tag": "function", "depth": 1, "time": 1715336467.377354, "data": {"name": "start_app", "call_args": {"package": "com.topjoy.zeusdemo", "activity": null}, "start_time": 1715336466.190546, "ret": null, "end_time": 1715336467.377342}}
{"tag": "function", "depth": 1, "time": 1715336477.654471, "data": {"name": "record_ui", "call_args": {"driver": "<poco.drivers.ios.iosPoco object at 0x11a3cb8e0>", "action": "'click'", "ui": "UIObjectProxy of \"\u521d\u59cb\u5316\"", "args": "[0.8333333333333334, 0.2413793103448276]"}, "start_time": 1715336477.654353, "ret": "UIObjectProxy of \"\u521d\u59cb\u5316\"", "end_time": 1715336477.65446}}
{"tag": "function", "depth": 2, "time": 1715336477.910597, "data": {"name": "try_log_screen", "call_args": {"screen": null, "quality": null, "max_size": null}, "start_time": 1715336477.654773, "ret": {"screen": "1715336477844.jpg", "resolution": [1124, 2436]}, "end_time": 1715336477.910576}}
{"tag": "function", "depth": 1, "time": 1715336478.891416, "data": {"name": "touch", "call_args": {"v": [936.6666666666667, 588.0], "kwargs": {"duration": 0.01}, "times": 1}, "start_time": 1715336477.6546838, "ret": [936.6666666666667, 588.0], "end_time": 1715336478.8913898}}
{"tag": "function", "depth": 1, "time": 1715336491.193481, "data": {"name": "record_ui", "call_args": {"driver": "<poco.drivers.ios.iosPoco object at 0x11a3cb8e0>", "action": "'click'", "ui": "UIObjectProxy of \"\u9759\u9ed8\u767b\u5f55\"", "args": "[0.8333333333333334, 0.5665024630541872]"}, "start_time": 1715336491.193401, "ret": "UIObjectProxy of \"\u9759\u9ed8\u767b\u5f55\"", "end_time": 1715336491.193474}}
{"tag": "function", "depth": 2, "time": 1715336491.437315, "data": {"name": "try_log_screen", "call_args": {"screen": null, "quality": null, "max_size": null}, "start_time": 1715336491.194568, "ret": {"screen": "1715336491397.jpg", "resolution": [1124, 2436]}, "end_time": 1715336491.4373}}
{"tag": "function", "depth": 1, "time": 1715336492.408094, "data": {"name": "touch", "call_args": {"v": [936.6666666666667, 1380.0], "kwargs": {"duration": 0.01}, "times": 1}, "start_time": 1715336491.194491, "ret": [936.6666666666667, 1380.0], "end_time": 1715336492.408077}}
{"tag": "function", "depth": 1, "time": 1715336506.429995, "data": {"name": "record_ui", "call_args": {"driver": "<poco.drivers.ios.iosPoco object at 0x11a3cb8e0>", "action": "'click'", "ui": "UIObjectProxy of \"\u90ae\u7bb1\u7ed1\u5b9a\"", "args": "[0.8333333333333334, 0.458128078817734]"}, "start_time": 1715336506.429895, "ret": "UIObjectProxy of \"\u90ae\u7bb1\u7ed1\u5b9a\"", "end_time": 1715336506.429987}}
{"tag": "function", "depth": 2, "time": 1715336506.673985, "data": {"name": "try_log_screen", "call_args": {"screen": null, "quality": null, "max_size": null}, "start_time": 1715336506.431108, "ret": {"screen": "1715336506632.jpg", "resolution": [1124, 2436]}, "end_time": 1715336506.673968}}
{"tag": "function", "depth": 1, "time": 1715336507.658931, "data": {"name": "touch", "call_args": {"v": [936.6666666666667, 1116.0], "kwargs": {"duration": 0.01}, "times": 1}, "start_time": 1715336506.431028, "ret": [936.6666666666667, 1116.0], "end_time": 1715336507.6588821}}
{"tag": "function", "depth": 1, "time": 1715336521.4462998, "data": {"name": "text", "call_args": {"text": "jiaheqi@topjoy.com", "kwargs": {}, "enter": true}, "start_time": 1715336520.809238, "ret": null, "end_time": 1715336521.446235}}
{"tag": "function", "depth": 1, "time": 1715336527.773073, "data": {"name": "text", "call_args": {"text": "1234", "kwargs": {}, "enter": true}, "start_time": 1715336527.340384, "ret": null, "end_time": 1715336527.773037}}
{"tag": "function", "depth": 1, "time": 1715336536.7399528, "data": {"name": "sleep", "call_args": {"secs": 3}, "start_time": 1715336533.7356448, "ret": null, "end_time": 1715336536.7398882}}
{"tag": "function", "depth": 2, "time": 1715336543.146962, "data": {"name": "try_log_screen", "call_args": {"screen": null, "quality": null, "max_size": null}, "start_time": 1715336542.851456, "ret": {"screen": "1715336543105.jpg", "resolution": [1124, 2436]}, "end_time": 1715336543.146949}}
{"tag": "function", "depth": 1, "time": 1715336543.14707, "data": {"name": "assert_true", "call_args": {"expr": true, "msg": "ios-email\u7ed1\u5b9a"}, "start_time": 1715336542.851379, "ret": null, "end_time": 1715336542.851451}}
{"tag": "function", "depth": 1, "time": 1715336555.1362681, "data": {"name": "record_ui", "call_args": {"driver": "<poco.drivers.ios.iosPoco object at 0x11a3cb8e0>", "action": "'click'", "ui": "UIObjectProxy of \"\u90ae\u7bb1\u7ed1\u5b9a\"", "args": "[0.8333333333333334, 0.458128078817734]"}, "start_time": 1715336555.136193, "ret": "UIObjectProxy of \"\u90ae\u7bb1\u7ed1\u5b9a\"", "end_time": 1715336555.136262}}
{"tag": "function", "depth": 2, "time": 1715336555.378641, "data": {"name": "try_log_screen", "call_args": {"screen": null, "quality": null, "max_size": null}, "start_time": 1715336555.136565, "ret": {"screen": "1715336555334.jpg", "resolution": [1124, 2436]}, "end_time": 1715336555.3786151}}
{"tag": "function", "depth": 1, "time": 1715336556.404, "data": {"name": "touch", "call_args": {"v": [936.6666666666667, 1116.0], "kwargs": {"duration": 0.01}, "times": 1}, "start_time": 1715336555.136498, "ret": [936.6666666666667, 1116.0], "end_time": 1715336556.4039822}}
{"tag": "function", "depth": 2, "time": 1715336564.385964, "data": {"name": "try_log_screen", "call_args": {"screen": null, "quality": null, "max_size": null}, "start_time": 1715336564.112112, "ret": {"screen": "1715336564345.jpg", "resolution": [1124, 2436]}, "end_time": 1715336564.385914}}
{"tag": "function", "depth": 1, "time": 1715336564.386113, "data": {"name": "assert_true", "call_args": {"expr": false, "msg": "ios-\u90ae\u7bb1\u89e3\u7ed1"}, "start_time": 1715336564.11097, "traceback": "Traceback (most recent call last):\n  File \"/Users/topjoy/Library/Python/3.9/lib/python/site-packages/airtest/utils/logwraper.py\", line 131, in wrapper\n    res = f(*args, **kwargs)\n  File \"/Users/topjoy/Library/Python/3.9/lib/python/site-packages/airtest/core/assertions.py\", line 100, in assert_true\n    assert bool(expr), \"expression is not True, message: %s\" % msg\nAssertionError: expression is not True, message: ios-\u90ae\u7bb1\u89e3\u7ed1\n", "end_time": 1715336564.1120949}}
{"tag": "function", "depth": 1, "time": 1715336568.430557, "data": {"name": "stop_app", "call_args": {"package": "com.topjoy.zeusdemo"}, "start_time": 1715336567.393406, "ret": null, "end_time": 1715336568.4305432}}
{"tag": "function", "depth": 1, "time": 1715336569.622765, "data": {"name": "start_app", "call_args": {"package": "com.topjoy.zeusdemo", "activity": null}, "start_time": 1715336568.4310882, "ret": null, "end_time": 1715336569.622741}}
{"tag": "function", "depth": 1, "time": 1715336580.1728482, "data": {"name": "record_ui", "call_args": {"driver": "<poco.drivers.ios.iosPoco object at 0x11a3cb8e0>", "action": "'click'", "ui": "UIObjectProxy of \"\u521d\u59cb\u5316\"", "args": "[0.8333333333333334, 0.2413793103448276]"}, "start_time": 1715336580.172745, "ret": "UIObjectProxy of \"\u521d\u59cb\u5316\"", "end_time": 1715336580.172839}}
{"tag": "function", "depth": 2, "time": 1715336580.398935, "data": {"name": "try_log_screen", "call_args": {"screen": null, "quality": null, "max_size": null}, "start_time": 1715336580.17404, "ret": {"screen": "1715336580361.jpg", "resolution": [1124, 2436]}, "end_time": 1715336580.3989198}}
{"tag": "function", "depth": 1, "time": 1715336581.354736, "data": {"name": "touch", "call_args": {"v": [936.6666666666667, 588.0], "kwargs": {"duration": 0.01}, "times": 1}, "start_time": 1715336580.173933, "ret": [936.6666666666667, 588.0], "end_time": 1715336581.3547142}}
{"tag": "function", "depth": 1, "time": 1715336593.6652858, "data": {"name": "record_ui", "call_args": {"driver": "<poco.drivers.ios.iosPoco object at 0x11a3cb8e0>", "action": "'click'", "ui": "UIObjectProxy of \"\u9759\u9ed8\u767b\u5f55\"", "args": "[0.8333333333333334, 0.5665024630541872]"}, "start_time": 1715336593.665178, "ret": "UIObjectProxy of \"\u9759\u9ed8\u767b\u5f55\"", "end_time": 1715336593.665277}}
{"tag": "function", "depth": 2, "time": 1715336593.918231, "data": {"name": "try_log_screen", "call_args": {"screen": null, "quality": null, "max_size": null}, "start_time": 1715336593.6665, "ret": {"screen": "1715336593876.jpg", "resolution": [1124, 2436]}, "end_time": 1715336593.9182138}}
{"tag": "function", "depth": 1, "time": 1715336594.89254, "data": {"name": "touch", "call_args": {"v": [936.6666666666667, 1380.0], "kwargs": {"duration": 0.01}, "times": 1}, "start_time": 1715336593.666383, "ret": [936.6666666666667, 1380.0], "end_time": 1715336594.8925178}}
{"tag": "function", "depth": 1, "time": 1715336609.070806, "data": {"name": "record_ui", "call_args": {"driver": "<poco.drivers.ios.iosPoco object at 0x11a3cb8e0>", "action": "'click'", "ui": "UIObjectProxy of \"\u90ae\u7bb1\u7ed1\u5b9a\"", "args": "[0.8333333333333334, 0.458128078817734]"}, "start_time": 1715336609.070706, "ret": "UIObjectProxy of \"\u90ae\u7bb1\u7ed1\u5b9a\"", "end_time": 1715336609.0707982}}
{"tag": "function", "depth": 2, "time": 1715336609.3056371, "data": {"name": "try_log_screen", "call_args": {"screen": null, "quality": null, "max_size": null}, "start_time": 1715336609.071058, "ret": {"screen": "1715336609266.jpg", "resolution": [1124, 2436]}, "end_time": 1715336609.30562}}
{"tag": "function", "depth": 1, "time": 1715336610.306092, "data": {"name": "touch", "call_args": {"v": [936.6666666666667, 1116.0], "kwargs": {"duration": 0.01}, "times": 1}, "start_time": 1715336609.070986, "ret": [936.6666666666667, 1116.0], "end_time": 1715336610.3060648}}
{"tag": "function", "depth": 1, "time": 1715336624.095027, "data": {"name": "text", "call_args": {"text": "jiaheqi@topjoy.com", "kwargs": {}, "enter": true}, "start_time": 1715336623.460441, "ret": null, "end_time": 1715336624.094979}}
{"tag": "function", "depth": 1, "time": 1715336630.625769, "data": {"name": "text", "call_args": {"text": "1234", "kwargs": {}, "enter": true}, "start_time": 1715336630.190774, "ret": null, "end_time": 1715336630.6257322}}
{"tag": "function", "depth": 1, "time": 1715336639.716661, "data": {"name": "sleep", "call_args": {"secs": 3}, "start_time": 1715336636.712276, "ret": null, "end_time": 1715336639.716599}}
{"tag": "function", "depth": 2, "time": 1715336645.904327, "data": {"name": "try_log_screen", "call_args": {"screen": null, "quality": null, "max_size": null}, "start_time": 1715336645.65325, "ret": {"screen": "1715336645863.jpg", "resolution": [1124, 2436]}, "end_time": 1715336645.9043121}}
{"tag": "function", "depth": 1, "time": 1715336645.9044302, "data": {"name": "assert_true", "call_args": {"expr": true, "msg": "ios-email\u7ed1\u5b9a"}, "start_time": 1715336645.653146, "ret": null, "end_time": 1715336645.653244}}
{"tag": "function", "depth": 1, "time": 1715336657.764315, "data": {"name": "record_ui", "call_args": {"driver": "<poco.drivers.ios.iosPoco object at 0x11a3cb8e0>", "action": "'click'", "ui": "UIObjectProxy of \"\u90ae\u7bb1\u7ed1\u5b9a\"", "args": "[0.8333333333333334, 0.458128078817734]"}, "start_time": 1715336657.7641978, "ret": "UIObjectProxy of \"\u90ae\u7bb1\u7ed1\u5b9a\"", "end_time": 1715336657.7643058}}
{"tag": "function", "depth": 2, "time": 1715336658.000513, "data": {"name": "try_log_screen", "call_args": {"screen": null, "quality": null, "max_size": null}, "start_time": 1715336657.765594, "ret": {"screen": "1715336657958.jpg", "resolution": [1124, 2436]}, "end_time": 1715336658.000494}}
{"tag": "function", "depth": 1, "time": 1715336659.000971, "data": {"name": "touch", "call_args": {"v": [936.6666666666667, 1116.0], "kwargs": {"duration": 0.01}, "times": 1}, "start_time": 1715336657.765462, "ret": [936.6666666666667, 1116.0], "end_time": 1715336659.000939}}
{"tag": "function", "depth": 2, "time": 1715336666.808018, "data": {"name": "try_log_screen", "call_args": {"screen": null, "quality": null, "max_size": null}, "start_time": 1715336666.5758321, "ret": {"screen": "1715336666768.jpg", "resolution": [1124, 2436]}, "end_time": 1715336666.8080032}}
{"tag": "function", "depth": 1, "time": 1715336666.808108, "data": {"name": "assert_true", "call_args": {"expr": false, "msg": "ios-\u90ae\u7bb1\u89e3\u7ed1"}, "start_time": 1715336666.57553, "traceback": "Traceback (most recent call last):\n  File \"/Users/topjoy/Library/Python/3.9/lib/python/site-packages/airtest/utils/logwraper.py\", line 131, in wrapper\n    res = f(*args, **kwargs)\n  File \"/Users/topjoy/Library/Python/3.9/lib/python/site-packages/airtest/core/assertions.py\", line 100, in assert_true\n    assert bool(expr), \"expression is not True, message: %s\" % msg\nAssertionError: expression is not True, message: ios-\u90ae\u7bb1\u89e3\u7ed1\n", "end_time": 1715336666.5758238}}
{"tag": "function", "depth": 1, "time": 1715336670.8481731, "data": {"name": "stop_app", "call_args": {"package": "com.topjoy.zeusdemo"}, "start_time": 1715336669.811146, "ret": null, "end_time": 1715336670.84812}}
{"tag": "function", "depth": 1, "time": 1715336672.041931, "data": {"name": "start_app", "call_args": {"package": "com.topjoy.zeusdemo", "activity": null}, "start_time": 1715336670.848872, "ret": null, "end_time": 1715336672.041908}}
{"tag": "function", "depth": 1, "time": 1715336682.720843, "data": {"name": "record_ui", "call_args": {"driver": "<poco.drivers.ios.iosPoco object at 0x11a3cb8e0>", "action": "'click'", "ui": "UIObjectProxy of \"\u521d\u59cb\u5316\"", "args": "[0.8333333333333334, 0.2413793103448276]"}, "start_time": 1715336682.720774, "ret": "UIObjectProxy of \"\u521d\u59cb\u5316\"", "end_time": 1715336682.720837}}
{"tag": "function", "depth": 2, "time": 1715336682.947218, "data": {"name": "try_log_screen", "call_args": {"screen": null, "quality": null, "max_size": null}, "start_time": 1715336682.7210891, "ret": {"screen": "1715336682907.jpg", "resolution": [1124, 2436]}, "end_time": 1715336682.9472032}}
{"tag": "function", "depth": 1, "time": 1715336683.9145951, "data": {"name": "touch", "call_args": {"v": [936.6666666666667, 588.0], "kwargs": {"duration": 0.01}, "times": 1}, "start_time": 1715336682.721035, "ret": [936.6666666666667, 588.0], "end_time": 1715336683.914573}}
{"tag": "function", "depth": 1, "time": 1715336696.342832, "data": {"name": "record_ui", "call_args": {"driver": "<poco.drivers.ios.iosPoco object at 0x11a3cb8e0>", "action": "'click'", "ui": "UIObjectProxy of \"\u9759\u9ed8\u767b\u5f55\"", "args": "[0.8333333333333334, 0.5665024630541872]"}, "start_time": 1715336696.342719, "ret": "UIObjectProxy of \"\u9759\u9ed8\u767b\u5f55\"", "end_time": 1715336696.3428218}}
{"tag": "function", "depth": 2, "time": 1715336696.585275, "data": {"name": "try_log_screen", "call_args": {"screen": null, "quality": null, "max_size": null}, "start_time": 1715336696.343186, "ret": {"screen": "1715336696545.jpg", "resolution": [1124, 2436]}, "end_time": 1715336696.585258}}
{"tag": "function", "depth": 1, "time": 1715336697.559459, "data": {"name": "touch", "call_args": {"v": [936.6666666666667, 1380.0], "kwargs": {"duration": 0.01}, "times": 1}, "start_time": 1715336696.343084, "ret": [936.6666666666667, 1380.0], "end_time": 1715336697.5594182}}
{"tag": "function", "depth": 1, "time": 1715336711.564252, "data": {"name": "record_ui", "call_args": {"driver": "<poco.drivers.ios.iosPoco object at 0x11a3cb8e0>", "action": "'click'", "ui": "UIObjectProxy of \"\u90ae\u7bb1\u7ed1\u5b9a\"", "args": "[0.8333333333333334, 0.458128078817734]"}, "start_time": 1715336711.5641448, "ret": "UIObjectProxy of \"\u90ae\u7bb1\u7ed1\u5b9a\"", "end_time": 1715336711.5642428}}
{"tag": "function", "depth": 2, "time": 1715336739.1847548, "data": {"name": "try_log_screen", "call_args": {"screen": null, "quality": null, "max_size": null}, "start_time": 1715336711.565532, "ret": {"screen": "1715336739138.jpg", "resolution": [1124, 2436]}, "end_time": 1715336739.184735}}
{"tag": "function", "depth": 1, "time": 1715336740.1806889, "data": {"name": "touch", "call_args": {"v": [936.6666666666667, 1116.0], "kwargs": {"duration": 0.01}, "times": 1}, "start_time": 1715336711.565439, "ret": [936.6666666666667, 1116.0], "end_time": 1715336740.180663}}
{"tag": "function", "depth": 1, "time": 1715336753.936297, "data": {"name": "text", "call_args": {"text": "jiaheqi@topjoy.com", "kwargs": {}, "enter": true}, "start_time": 1715336753.304511, "ret": null, "end_time": 1715336753.936269}}
{"tag": "function", "depth": 1, "time": 1715336760.324296, "data": {"name": "text", "call_args": {"text": "1234", "kwargs": {}, "enter": true}, "start_time": 1715336759.900788, "ret": null, "end_time": 1715336760.324251}}
{"tag": "function", "depth": 1, "time": 1715336769.940403, "data": {"name": "sleep", "call_args": {"secs": 3}, "start_time": 1715336766.936406, "ret": null, "end_time": 1715336769.940347}}
{"tag": "function", "depth": 2, "time": 1715336776.9106162, "data": {"name": "try_log_screen", "call_args": {"screen": null, "quality": null, "max_size": null}, "start_time": 1715336776.649212, "ret": {"screen": "1715336776870.jpg", "resolution": [1124, 2436]}, "end_time": 1715336776.9106}}
{"tag": "function", "depth": 1, "time": 1715336776.910727, "data": {"name": "assert_true", "call_args": {"expr": true, "msg": "ios-email\u7ed1\u5b9a"}, "start_time": 1715336776.6491148, "ret": null, "end_time": 1715336776.649206}}
{"tag": "function", "depth": 1, "time": 1715336790.313117, "data": {"name": "record_ui", "call_args": {"driver": "<poco.drivers.ios.iosPoco object at 0x11a3cb8e0>", "action": "'click'", "ui": "UIObjectProxy of \"\u90ae\u7bb1\u7ed1\u5b9a\"", "args": "[0.8333333333333334, 0.458128078817734]"}, "start_time": 1715336790.3130188, "ret": "UIObjectProxy of \"\u90ae\u7bb1\u7ed1\u5b9a\"", "end_time": 1715336790.31311}}
{"tag": "function", "depth": 2, "time": 1715336790.5664692, "data": {"name": "try_log_screen", "call_args": {"screen": null, "quality": null, "max_size": null}, "start_time": 1715336790.313447, "ret": {"screen": "1715336790513.jpg", "resolution": [1124, 2436]}, "end_time": 1715336790.5664508}}
{"tag": "function", "depth": 1, "time": 1715336791.583807, "data": {"name": "touch", "call_args": {"v": [936.6666666666667, 1116.0], "kwargs": {"duration": 0.01}, "times": 1}, "start_time": 1715336790.313364, "ret": [936.6666666666667, 1116.0], "end_time": 1715336791.5837839}}
{"tag": "function", "depth": 2, "time": 1715336799.5986261, "data": {"name": "try_log_screen", "call_args": {"screen": null, "quality": null, "max_size": null}, "start_time": 1715336799.348816, "ret": {"screen": "1715336799549.jpg", "resolution": [1124, 2436]}, "end_time": 1715336799.598606}}
{"tag": "function", "depth": 1, "time": 1715336799.599423, "data": {"name": "assert_true", "call_args": {"expr": false, "msg": "ios-\u90ae\u7bb1\u89e3\u7ed1"}, "start_time": 1715336799.347625, "traceback": "Traceback (most recent call last):\n  File \"/Users/topjoy/Library/Python/3.9/lib/python/site-packages/airtest/utils/logwraper.py\", line 131, in wrapper\n    res = f(*args, **kwargs)\n  File \"/Users/topjoy/Library/Python/3.9/lib/python/site-packages/airtest/core/assertions.py\", line 100, in assert_true\n    assert bool(expr), \"expression is not True, message: %s\" % msg\nAssertionError: expression is not True, message: ios-\u90ae\u7bb1\u89e3\u7ed1\n", "end_time": 1715336799.3488}}
{"tag": "function", "depth": 1, "time": 1715336800.676298, "data": {"name": "stop_app", "call_args": {"package": "com.topjoy.zeusdemo"}, "start_time": 1715336799.6002681, "ret": null, "end_time": 1715336800.676288}}
{"tag": "function", "depth": 1, "time": 1715336801.855619, "data": {"name": "start_app", "call_args": {"package": "com.topjoy.zeusdemo", "activity": null}, "start_time": 1715336800.676534, "ret": null, "end_time": 1715336801.8556092}}
{"tag": "function", "depth": 1, "time": 1715336812.427348, "data": {"name": "record_ui", "call_args": {"driver": "<poco.drivers.ios.iosPoco object at 0x11a3cb8e0>", "action": "'click'", "ui": "UIObjectProxy of \"\u521d\u59cb\u5316\"", "args": "[0.8333333333333334, 0.2413793103448276]"}, "start_time": 1715336812.4272609, "ret": "UIObjectProxy of \"\u521d\u59cb\u5316\"", "end_time": 1715336812.427341}}
{"tag": "function", "depth": 2, "time": 1715336812.669368, "data": {"name": "try_log_screen", "call_args": {"screen": null, "quality": null, "max_size": null}, "start_time": 1715336812.427754, "ret": {"screen": "1715336812623.jpg", "resolution": [1124, 2436]}, "end_time": 1715336812.669348}}
{"tag": "function", "depth": 1, "time": 1715336813.642735, "data": {"name": "touch", "call_args": {"v": [936.6666666666667, 588.0], "kwargs": {"duration": 0.01}, "times": 1}, "start_time": 1715336812.427645, "ret": [936.6666666666667, 588.0], "end_time": 1715336813.642694}}
{"tag": "function", "depth": 1, "time": 1715336825.9992902, "data": {"name": "record_ui", "call_args": {"driver": "<poco.drivers.ios.iosPoco object at 0x11a3cb8e0>", "action": "'click'", "ui": "UIObjectProxy of \"\u9759\u9ed8\u767b\u5f55\"", "args": "[0.8333333333333334, 0.5665024630541872]"}, "start_time": 1715336825.9992151, "ret": "UIObjectProxy of \"\u9759\u9ed8\u767b\u5f55\"", "end_time": 1715336825.999284}}
{"tag": "function", "depth": 2, "time": 1715336826.232547, "data": {"name": "try_log_screen", "call_args": {"screen": null, "quality": null, "max_size": null}, "start_time": 1715336825.999619, "ret": {"screen": "1715336826192.jpg", "resolution": [1124, 2436]}, "end_time": 1715336826.232532}}
{"tag": "function", "depth": 1, "time": 1715336827.223711, "data": {"name": "touch", "call_args": {"v": [936.6666666666667, 1380.0], "kwargs": {"duration": 0.01}, "times": 1}, "start_time": 1715336825.999566, "ret": [936.6666666666667, 1380.0], "end_time": 1715336827.223655}}
{"tag": "function", "depth": 1, "time": 1715336841.232708, "data": {"name": "record_ui", "call_args": {"driver": "<poco.drivers.ios.iosPoco object at 0x11a3cb8e0>", "action": "'click'", "ui": "UIObjectProxy of \"Bind Facebook\"", "args": "[0.7933333333333333, 0.18472906403940886]"}, "start_time": 1715336841.232608, "ret": "UIObjectProxy of \"Bind Facebook\"", "end_time": 1715336841.2326999}}
{"tag": "function", "depth": 2, "time": 1715336841.470495, "data": {"name": "try_log_screen", "call_args": {"screen": null, "quality": null, "max_size": null}, "start_time": 1715336841.233096, "ret": {"screen": "1715336841431.jpg", "resolution": [1124, 2436]}, "end_time": 1715336841.47048}}
{"tag": "function", "depth": 1, "time": 1715336842.462389, "data": {"name": "touch", "call_args": {"v": [891.7066666666667, 450.0], "kwargs": {"duration": 0.01}, "times": 1}, "start_time": 1715336841.232991, "ret": [891.7066666666667, 450.0], "end_time": 1715336842.462368}}
{"tag": "function", "depth": 1, "time": 1715336851.432832, "data": {"name": "sleep", "call_args": {"secs": 2}, "start_time": 1715336849.4301178, "ret": null, "end_time": 1715336851.4327722}}
{"tag": "function", "depth": 1, "time": 1715336858.782866, "data": {"name": "sleep", "call_args": {"secs": 2}, "start_time": 1715336856.7776551, "ret": null, "end_time": 1715336858.78279}}
{"tag": "function", "depth": 1, "time": 1715336866.181709, "data": {"name": "sleep", "call_args": {"secs": 2}, "start_time": 1715336864.176594, "ret": null, "end_time": 1715336866.181649}}
{"tag": "function", "depth": 2, "time": 1715336871.980555, "data": {"name": "try_log_screen", "call_args": {"screen": null, "quality": null, "max_size": null}, "start_time": 1715336871.724803, "ret": {"screen": "1715336871941.jpg", "resolution": [1124, 2436]}, "end_time": 1715336871.980535}}
{"tag": "function", "depth": 1, "time": 1715336871.98075, "data": {"name": "assert_true", "call_args": {"expr": true, "msg": "ios-facebook\u7ed1\u5b9a"}, "start_time": 1715336871.724683, "ret": null, "end_time": 1715336871.7247941}}
{"tag": "function", "depth": 1, "time": 1715336882.7213519, "data": {"name": "record_ui", "call_args": {"driver": "<poco.drivers.ios.iosPoco object at 0x11a3cb8e0>", "action": "'click'", "ui": "UIObjectProxy of \"Bind Facebook\"", "args": "[0.7933333333333333, 0.18472906403940886]"}, "start_time": 1715336882.7212741, "ret": "UIObjectProxy of \"Bind Facebook\"", "end_time": 1715336882.7213461}}
{"tag": "function", "depth": 2, "time": 1715336882.9405718, "data": {"name": "try_log_screen", "call_args": {"screen": null, "quality": null, "max_size": null}, "start_time": 1715336882.7215512, "ret": {"screen": "1715336882904.jpg", "resolution": [1124, 2436]}, "end_time": 1715336882.9405499}}
{"tag": "function", "depth": 1, "time": 1715336883.9269729, "data": {"name": "touch", "call_args": {"v": [891.7066666666667, 450.0], "kwargs": {"duration": 0.01}, "times": 1}, "start_time": 1715336882.721499, "ret": [891.7066666666667, 450.0], "end_time": 1715336883.926952}}
{"tag": "function", "depth": 1, "time": 1715336898.246929, "data": {"name": "sleep", "call_args": {"secs": 2}, "start_time": 1715336896.2424982, "ret": null, "end_time": 1715336898.246899}}
{"tag": "function", "depth": 1, "time": 1715336905.8367648, "data": {"name": "sleep", "call_args": {"secs": 2}, "start_time": 1715336903.833117, "ret": null, "end_time": 1715336905.836697}}
{"tag": "function", "depth": 1, "time": 1715336913.2963688, "data": {"name": "sleep", "call_args": {"secs": 2}, "start_time": 1715336911.2940512, "ret": null, "end_time": 1715336913.2963462}}
{"tag": "function", "depth": 2, "time": 1715336918.936378, "data": {"name": "try_log_screen", "call_args": {"screen": null, "quality": null, "max_size": null}, "start_time": 1715336918.682399, "ret": {"screen": "1715336918888.jpg", "resolution": [1124, 2436]}, "end_time": 1715336918.936352}}
{"tag": "function", "depth": 1, "time": 1715336918.936482, "data": {"name": "assert_true", "call_args": {"expr": true, "msg": "ios-facebook\u89e3\u7ed1"}, "start_time": 1715336918.682255, "ret": null, "end_time": 1715336918.682391}}
{"tag": "function", "depth": 1, "time": 1715336920.003524, "data": {"name": "stop_app", "call_args": {"package": "com.topjoy.zeusdemo"}, "start_time": 1715336918.936725, "ret": null, "end_time": 1715336920.003505}}
{"tag": "function", "depth": 1, "time": 1715336921.195324, "data": {"name": "start_app", "call_args": {"package": "com.topjoy.zeusdemo", "activity": null}, "start_time": 1715336920.00609, "ret": null, "end_time": 1715336921.1952991}}
{"tag": "function", "depth": 1, "time": 1715336932.0360608, "data": {"name": "record_ui", "call_args": {"driver": "<poco.drivers.ios.iosPoco object at 0x11a3cb8e0>", "action": "'click'", "ui": "UIObjectProxy of \"\u521d\u59cb\u5316\"", "args": "[0.8333333333333334, 0.2413793103448276]"}, "start_time": 1715336932.035952, "ret": "UIObjectProxy of \"\u521d\u59cb\u5316\"", "end_time": 1715336932.036052}}
{"tag": "function", "depth": 2, "time": 1715336932.273518, "data": {"name": "try_log_screen", "call_args": {"screen": null, "quality": null, "max_size": null}, "start_time": 1715336932.03726, "ret": {"screen": "1715336932237.jpg", "resolution": [1124, 2436]}, "end_time": 1715336932.273503}}
{"tag": "function", "depth": 1, "time": 1715336933.234737, "data": {"name": "touch", "call_args": {"v": [936.6666666666667, 588.0], "kwargs": {"duration": 0.01}, "times": 1}, "start_time": 1715336932.037154, "ret": [936.6666666666667, 588.0], "end_time": 1715336933.234719}}
{"tag": "function", "depth": 1, "time": 1715336945.485075, "data": {"name": "record_ui", "call_args": {"driver": "<poco.drivers.ios.iosPoco object at 0x11a3cb8e0>", "action": "'click'", "ui": "UIObjectProxy of \"\u9759\u9ed8\u767b\u5f55\"", "args": "[0.8333333333333334, 0.5665024630541872]"}, "start_time": 1715336945.4848168, "ret": "UIObjectProxy of \"\u9759\u9ed8\u767b\u5f55\"", "end_time": 1715336945.4850628}}
{"tag": "function", "depth": 2, "time": 1715336945.725852, "data": {"name": "try_log_screen", "call_args": {"screen": null, "quality": null, "max_size": null}, "start_time": 1715336945.4871879, "ret": {"screen": "1715336945679.jpg", "resolution": [1124, 2436]}, "end_time": 1715336945.725825}}
{"tag": "function", "depth": 1, "time": 1715336946.7104, "data": {"name": "touch", "call_args": {"v": [936.6666666666667, 1380.0], "kwargs": {"duration": 0.01}, "times": 1}, "start_time": 1715336945.487115, "ret": [936.6666666666667, 1380.0], "end_time": 1715336946.7103732}}
{"tag": "function", "depth": 1, "time": 1715336960.920286, "data": {"name": "record_ui", "call_args": {"driver": "<poco.drivers.ios.iosPoco object at 0x11a3cb8e0>", "action": "'click'", "ui": "UIObjectProxy of \"\u77ed\u4fe1\u7ed1\u5b9a\"", "args": "[0.8333333333333334, 0.3497536945812808]"}, "start_time": 1715336960.920206, "ret": "UIObjectProxy of \"\u77ed\u4fe1\u7ed1\u5b9a\"", "end_time": 1715336960.92028}}
{"tag": "function", "depth": 2, "time": 1715336961.168162, "data": {"name": "try_log_screen", "call_args": {"screen": null, "quality": null, "max_size": null}, "start_time": 1715336960.920555, "ret": {"screen": "1715336961128.jpg", "resolution": [1124, 2436]}, "end_time": 1715336961.168144}}
{"tag": "function", "depth": 1, "time": 1715336962.162713, "data": {"name": "touch", "call_args": {"v": [936.6666666666667, 852.0], "kwargs": {"duration": 0.01}, "times": 1}, "start_time": 1715336960.920501, "ret": [936.6666666666667, 852.0], "end_time": 1715336962.162626}}
{"tag": "function", "depth": 1, "time": 1715336968.4222, "data": {"name": "record_ui", "call_args": {"driver": "<poco.drivers.ios.iosPoco object at 0x11a3cb8e0>", "action": "'click'", "ui": "UIObjectProxy of \"selectno\"", "args": "[0.116, 0.5800492610837439]"}, "start_time": 1715336968.422017, "ret": "UIObjectProxy of \"selectno\"", "end_time": 1715336968.4221408}}
{"tag": "function", "depth": 2, "time": 1715336968.6792629, "data": {"name": "try_log_screen", "call_args": {"screen": null, "quality": null, "max_size": null}, "start_time": 1715336968.422581, "ret": {"screen": "1715336968620.jpg", "resolution": [1124, 2436]}, "end_time": 1715336968.6792178}}
{"tag": "function", "depth": 1, "time": 1715336969.875225, "data": {"name": "touch", "call_args": {"v": [130.38400000000001, 1413.0], "kwargs": {"duration": 0.01}, "times": 1}, "start_time": 1715336968.422472, "ret": [130.38400000000001, 1413.0], "end_time": 1715336969.8752031}}
{"tag": "function", "depth": 1, "time": 1715336975.861797, "data": {"name": "record_ui", "call_args": {"driver": "<poco.drivers.ios.iosPoco object at 0x11a3cb8e0>", "action": "'click'", "ui": "UIObjectProxy of \"TextField\"", "args": "[0.5933333333333334, 0.4876847290640394]"}, "start_time": 1715336975.861692, "ret": "UIObjectProxy of \"TextField\"", "end_time": 1715336975.86179}}
{"tag": "function", "depth": 2, "time": 1715336976.1360798, "data": {"name": "try_log_screen", "call_args": {"screen": null, "quality": null, "max_size": null}, "start_time": 1715336975.877548, "ret": {"screen": "1715336976075.jpg", "resolution": [1124, 2436]}, "end_time": 1715336976.136054}}
{"tag": "function", "depth": 1, "time": 1715336977.178634, "data": {"name": "touch", "call_args": {"v": [666.9066666666668, 1188.0], "kwargs": {"duration": 0.01}, "times": 1}, "start_time": 1715336975.8773649, "ret": [666.9066666666668, 1188.0], "end_time": 1715336977.178606}}
{"tag": "function", "depth": 1, "time": 1715336979.32527, "data": {"name": "text", "call_args": {"text": "17600116844", "kwargs": {}, "enter": true}, "start_time": 1715336978.7954812, "ret": null, "end_time": 1715336979.325248}}
{"tag": "function", "depth": 1, "time": 1715336987.3487139, "data": {"name": "record_ui", "call_args": {"driver": "<poco.drivers.ios.iosPoco object at 0x11a3cb8e0>", "action": "'click'", "ui": "UIObjectProxy of \"\u53d1\u9001\"", "args": "[0.5, 0.5400246305418719]"}, "start_time": 1715336987.3486369, "ret": "UIObjectProxy of \"\u53d1\u9001\"", "end_time": 1715336987.3487082}}
{"tag": "function", "depth": 2, "time": 1715336987.562619, "data": {"name": "try_log_screen", "call_args": {"screen": null, "quality": null, "max_size": null}, "start_time": 1715336987.349051, "ret": {"screen": "1715336987521.jpg", "resolution": [1124, 2436]}, "end_time": 1715336987.562582}}
{"tag": "function", "depth": 1, "time": 1715336988.6041348, "data": {"name": "touch", "call_args": {"v": [562.0, 1315.5], "kwargs": {"duration": 0.01}, "times": 1}, "start_time": 1715336987.348992, "ret": [562.0, 1315.5], "end_time": 1715336988.604088}}
{"tag": "function", "depth": 1, "time": 1715336990.636373, "data": {"name": "text", "call_args": {"text": "6666", "kwargs": {}, "enter": true}, "start_time": 1715336990.212249, "ret": null, "end_time": 1715336990.6363132}}
{"tag": "function", "depth": 2, "time": 1715336996.856319, "data": {"name": "try_log_screen", "call_args": {"screen": null, "quality": null, "max_size": null}, "start_time": 1715336996.6231449, "ret": {"screen": "1715336996813.jpg", "resolution": [1124, 2436]}, "end_time": 1715336996.856302}}
{"tag": "function", "depth": 1, "time": 1715336996.856467, "data": {"name": "assert_true", "call_args": {"expr": true, "msg": "ios-\u77ed\u4fe1\u7ed1\u5b9a"}, "start_time": 1715336996.62305, "ret": null, "end_time": 1715336996.6231391}}
{"tag": "function", "depth": 1, "time": 1715337010.055718, "data": {"name": "record_ui", "call_args": {"driver": "<poco.drivers.ios.iosPoco object at 0x11a3cb8e0>", "action": "'click'", "ui": "UIObjectProxy of \"\u77ed\u4fe1\u7ed1\u5b9a\"", "args": "[0.8333333333333334, 0.3497536945812808]"}, "start_time": 1715337010.055588, "ret": "UIObjectProxy of \"\u77ed\u4fe1\u7ed1\u5b9a\"", "end_time": 1715337010.055709}}
{"tag": "function", "depth": 2, "time": 1715337010.588139, "data": {"name": "try_log_screen", "call_args": {"screen": null, "quality": null, "max_size": null}, "start_time": 1715337010.056055, "ret": {"screen": "1715337010464.jpg", "resolution": [1124, 2436]}, "end_time": 1715337010.5881119}}
{"tag": "function", "depth": 1, "time": 1715337011.5894709, "data": {"name": "touch", "call_args": {"v": [936.6666666666667, 852.0], "kwargs": {"duration": 0.01}, "times": 1}, "start_time": 1715337010.055948, "ret": [936.6666666666667, 852.0], "end_time": 1715337011.589451}}
{"tag": "function", "depth": 2, "time": 1715337019.5446332, "data": {"name": "try_log_screen", "call_args": {"screen": null, "quality": null, "max_size": null}, "start_time": 1715337019.303998, "ret": {"screen": "1715337019500.jpg", "resolution": [1124, 2436]}, "end_time": 1715337019.5446122}}
{"tag": "function", "depth": 1, "time": 1715337019.544769, "data": {"name": "assert_true", "call_args": {"expr": false, "msg": "ios-\u77ed\u4fe1\u89e3\u7ed1"}, "start_time": 1715337019.303023, "traceback": "Traceback (most recent call last):\n  File \"/Users/topjoy/Library/Python/3.9/lib/python/site-packages/airtest/utils/logwraper.py\", line 131, in wrapper\n    res = f(*args, **kwargs)\n  File \"/Users/topjoy/Library/Python/3.9/lib/python/site-packages/airtest/core/assertions.py\", line 100, in assert_true\n    assert bool(expr), \"expression is not True, message: %s\" % msg\nAssertionError: expression is not True, message: ios-\u77ed\u4fe1\u89e3\u7ed1\n", "end_time": 1715337019.303988}}
{"tag": "function", "depth": 1, "time": 1715337023.656229, "data": {"name": "stop_app", "call_args": {"package": "com.topjoy.zeusdemo"}, "start_time": 1715337022.5508192, "ret": null, "end_time": 1715337023.65622}}
{"tag": "function", "depth": 1, "time": 1715337024.84036, "data": {"name": "start_app", "call_args": {"package": "com.topjoy.zeusdemo", "activity": null}, "start_time": 1715337023.656391, "ret": null, "end_time": 1715337024.84031}}
{"tag": "function", "depth": 1, "time": 1715337035.386364, "data": {"name": "record_ui", "call_args": {"driver": "<poco.drivers.ios.iosPoco object at 0x11a3cb8e0>", "action": "'click'", "ui": "UIObjectProxy of \"\u521d\u59cb\u5316\"", "args": "[0.8333333333333334, 0.2413793103448276]"}, "start_time": 1715337035.3862772, "ret": "UIObjectProxy of \"\u521d\u59cb\u5316\"", "end_time": 1715337035.386345}}
{"tag": "function", "depth": 2, "time": 1715337035.636033, "data": {"name": "try_log_screen", "call_args": {"screen": null, "quality": null, "max_size": null}, "start_time": 1715337035.399862, "ret": {"screen": "1715337035586.jpg", "resolution": [1124, 2436]}, "end_time": 1715337035.6360068}}
{"tag": "function", "depth": 1, "time": 1715337036.5894668, "data": {"name": "touch", "call_args": {"v": [936.6666666666667, 588.0], "kwargs": {"duration": 0.01}, "times": 1}, "start_time": 1715337035.399752, "ret": [936.6666666666667, 588.0], "end_time": 1715337036.589448}}
{"tag": "function", "depth": 1, "time": 1715337048.9215732, "data": {"name": "record_ui", "call_args": {"driver": "<poco.drivers.ios.iosPoco object at 0x11a3cb8e0>", "action": "'click'", "ui": "UIObjectProxy of \"\u9759\u9ed8\u767b\u5f55\"", "args": "[0.8333333333333334, 0.5665024630541872]"}, "start_time": 1715337048.921463, "ret": "UIObjectProxy of \"\u9759\u9ed8\u767b\u5f55\"", "end_time": 1715337048.921563}}
{"tag": "function", "depth": 2, "time": 1715337049.1753678, "data": {"name": "try_log_screen", "call_args": {"screen": null, "quality": null, "max_size": null}, "start_time": 1715337048.9218519, "ret": {"screen": "1715337049123.jpg", "resolution": [1124, 2436]}, "end_time": 1715337049.1753442}}
{"tag": "function", "depth": 1, "time": 1715337050.171941, "data": {"name": "touch", "call_args": {"v": [936.6666666666667, 1380.0], "kwargs": {"duration": 0.01}, "times": 1}, "start_time": 1715337048.921765, "ret": [936.6666666666667, 1380.0], "end_time": 1715337050.171881}}
{"tag": "function", "depth": 1, "time": 1715337064.1961222, "data": {"name": "record_ui", "call_args": {"driver": "<poco.drivers.ios.iosPoco object at 0x11a3cb8e0>", "action": "'click'", "ui": "UIObjectProxy of \"\u77ed\u4fe1\u7ed1\u5b9a\"", "args": "[0.8333333333333334, 0.3497536945812808]"}, "start_time": 1715337064.196013, "ret": "UIObjectProxy of \"\u77ed\u4fe1\u7ed1\u5b9a\"", "end_time": 1715337064.1961129}}
{"tag": "function", "depth": 2, "time": 1715337064.44297, "data": {"name": "try_log_screen", "call_args": {"screen": null, "quality": null, "max_size": null}, "start_time": 1715337064.1973891, "ret": {"screen": "1715337064403.jpg", "resolution": [1124, 2436]}, "end_time": 1715337064.442954}}
{"tag": "function", "depth": 1, "time": 1715337065.4412138, "data": {"name": "touch", "call_args": {"v": [936.6666666666667, 852.0], "kwargs": {"duration": 0.01}, "times": 1}, "start_time": 1715337064.197268, "ret": [936.6666666666667, 852.0], "end_time": 1715337065.441155}}
{"tag": "function", "depth": 1, "time": 1715337079.18836, "data": {"name": "text", "call_args": {"text": "17600116844", "kwargs": {}, "enter": true}, "start_time": 1715337078.655369, "ret": null, "end_time": 1715337079.188292}}
{"tag": "function", "depth": 1, "time": 1715337085.454557, "data": {"name": "text", "call_args": {"text": "6666", "kwargs": {}, "enter": true}, "start_time": 1715337085.0325298, "ret": null, "end_time": 1715337085.454536}}
{"tag": "function", "depth": 2, "time": 1715337091.564092, "data": {"name": "try_log_screen", "call_args": {"screen": null, "quality": null, "max_size": null}, "start_time": 1715337091.319764, "ret": {"screen": "1715337091519.jpg", "resolution": [1124, 2436]}, "end_time": 1715337091.564076}}
{"tag": "function", "depth": 1, "time": 1715337091.564196, "data": {"name": "assert_true", "call_args": {"expr": true, "msg": "ios-\u77ed\u4fe1\u7ed1\u5b9a"}, "start_time": 1715337091.3196712, "ret": null, "end_time": 1715337091.3197591}}
{"tag": "function", "depth": 1, "time": 1715337103.5580318, "data": {"name": "record_ui", "call_args": {"driver": "<poco.drivers.ios.iosPoco object at 0x11a3cb8e0>", "action": "'click'", "ui": "UIObjectProxy of \"\u77ed\u4fe1\u7ed1\u5b9a\"", "args": "[0.8333333333333334, 0.3497536945812808]"}, "start_time": 1715337103.5579321, "ret": "UIObjectProxy of \"\u77ed\u4fe1\u7ed1\u5b9a\"", "end_time": 1715337103.558024}}
{"tag": "function", "depth": 2, "time": 1715337103.796475, "data": {"name": "try_log_screen", "call_args": {"screen": null, "quality": null, "max_size": null}, "start_time": 1715337103.560256, "ret": {"screen": "1715337103757.jpg", "resolution": [1124, 2436]}, "end_time": 1715337103.796459}}
{"tag": "function", "depth": 1, "time": 1715337104.810124, "data": {"name": "touch", "call_args": {"v": [936.6666666666667, 852.0], "kwargs": {"duration": 0.01}, "times": 1}, "start_time": 1715337103.56017, "ret": [936.6666666666667, 852.0], "end_time": 1715337104.810074}}
{"tag": "function", "depth": 2, "time": 1715337112.620584, "data": {"name": "try_log_screen", "call_args": {"screen": null, "quality": null, "max_size": null}, "start_time": 1715337112.380217, "ret": {"screen": "1715337112574.jpg", "resolution": [1124, 2436]}, "end_time": 1715337112.6205661}}
{"tag": "function", "depth": 1, "time": 1715337112.621129, "data": {"name": "assert_true", "call_args": {"expr": false, "msg": "ios-\u77ed\u4fe1\u89e3\u7ed1"}, "start_time": 1715337112.379874, "traceback": "Traceback (most recent call last):\n  File \"/Users/topjoy/Library/Python/3.9/lib/python/site-packages/airtest/utils/logwraper.py\", line 131, in wrapper\n    res = f(*args, **kwargs)\n  File \"/Users/topjoy/Library/Python/3.9/lib/python/site-packages/airtest/core/assertions.py\", line 100, in assert_true\n    assert bool(expr), \"expression is not True, message: %s\" % msg\nAssertionError: expression is not True, message: ios-\u77ed\u4fe1\u89e3\u7ed1\n", "end_time": 1715337112.380209}}
{"tag": "function", "depth": 1, "time": 1715337116.671521, "data": {"name": "stop_app", "call_args": {"package": "com.topjoy.zeusdemo"}, "start_time": 1715337115.6262, "ret": null, "end_time": 1715337116.671509}}
{"tag": "function", "depth": 1, "time": 1715337117.969878, "data": {"name": "start_app", "call_args": {"package": "com.topjoy.zeusdemo", "activity": null}, "start_time": 1715337116.6718762, "ret": null, "end_time": 1715337117.96987}}
{"tag": "function", "depth": 1, "time": 1715337128.3111548, "data": {"name": "record_ui", "call_args": {"driver": "<poco.drivers.ios.iosPoco object at 0x11a3cb8e0>", "action": "'click'", "ui": "UIObjectProxy of \"\u521d\u59cb\u5316\"", "args": "[0.8333333333333334, 0.2413793103448276]"}, "start_time": 1715337128.311072, "ret": "UIObjectProxy of \"\u521d\u59cb\u5316\"", "end_time": 1715337128.3111491}}
{"tag": "function", "depth": 2, "time": 1715337128.5344, "data": {"name": "try_log_screen", "call_args": {"screen": null, "quality": null, "max_size": null}, "start_time": 1715337128.3115141, "ret": {"screen": "1715337128494.jpg", "resolution": [1124, 2436]}, "end_time": 1715337128.534383}}
{"tag": "function", "depth": 1, "time": 1715337129.5092769, "data": {"name": "touch", "call_args": {"v": [936.6666666666667, 588.0], "kwargs": {"duration": 0.01}, "times": 1}, "start_time": 1715337128.31144, "ret": [936.6666666666667, 588.0], "end_time": 1715337129.509255}}
{"tag": "function", "depth": 1, "time": 1715337141.798317, "data": {"name": "record_ui", "call_args": {"driver": "<poco.drivers.ios.iosPoco object at 0x11a3cb8e0>", "action": "'click'", "ui": "UIObjectProxy of \"\u9759\u9ed8\u767b\u5f55\"", "args": "[0.8333333333333334, 0.5665024630541872]"}, "start_time": 1715337141.798243, "ret": "UIObjectProxy of \"\u9759\u9ed8\u767b\u5f55\"", "end_time": 1715337141.798312}}
{"tag": "function", "depth": 2, "time": 1715337142.037279, "data": {"name": "try_log_screen", "call_args": {"screen": null, "quality": null, "max_size": null}, "start_time": 1715337141.7985651, "ret": {"screen": "1715337141999.jpg", "resolution": [1124, 2436]}, "end_time": 1715337142.037259}}
{"tag": "function", "depth": 1, "time": 1715337143.0257, "data": {"name": "touch", "call_args": {"v": [936.6666666666667, 1380.0], "kwargs": {"duration": 0.01}, "times": 1}, "start_time": 1715337141.7985148, "ret": [936.6666666666667, 1380.0], "end_time": 1715337143.025683}}
{"tag": "function", "depth": 1, "time": 1715337157.1573818, "data": {"name": "record_ui", "call_args": {"driver": "<poco.drivers.ios.iosPoco object at 0x11a3cb8e0>", "action": "'click'", "ui": "UIObjectProxy of \"\u77ed\u4fe1\u7ed1\u5b9a\"", "args": "[0.8333333333333334, 0.3497536945812808]"}, "start_time": 1715337157.157282, "ret": "UIObjectProxy of \"\u77ed\u4fe1\u7ed1\u5b9a\"", "end_time": 1715337157.157374}}
{"tag": "function", "depth": 2, "time": 1715337157.408733, "data": {"name": "try_log_screen", "call_args": {"screen": null, "quality": null, "max_size": null}, "start_time": 1715337157.174873, "ret": {"screen": "1715337157365.jpg", "resolution": [1124, 2436]}, "end_time": 1715337157.40871}}
{"tag": "function", "depth": 1, "time": 1715337158.395589, "data": {"name": "touch", "call_args": {"v": [936.6666666666667, 852.0], "kwargs": {"duration": 0.01}, "times": 1}, "start_time": 1715337157.17474, "ret": [936.6666666666667, 852.0], "end_time": 1715337158.39554}}
{"tag": "function", "depth": 1, "time": 1715337172.189999, "data": {"name": "text", "call_args": {"text": "17600116844", "kwargs": {}, "enter": true}, "start_time": 1715337171.666772, "ret": null, "end_time": 1715337172.18996}}
{"tag": "function", "depth": 1, "time": 1715337178.5678132, "data": {"name": "text", "call_args": {"text": "6666", "kwargs": {}, "enter": true}, "start_time": 1715337178.138241, "ret": null, "end_time": 1715337178.567777}}
{"tag": "function", "depth": 2, "time": 1715337184.791523, "data": {"name": "try_log_screen", "call_args": {"screen": null, "quality": null, "max_size": null}, "start_time": 1715337184.4900532, "ret": {"screen": "1715337184719.jpg", "resolution": [1124, 2436]}, "end_time": 1715337184.7914932}}
{"tag": "function", "depth": 1, "time": 1715337184.792164, "data": {"name": "assert_true", "call_args": {"expr": true, "msg": "ios-\u77ed\u4fe1\u7ed1\u5b9a"}, "start_time": 1715337184.489911, "ret": null, "end_time": 1715337184.4900422}}
{"tag": "function", "depth": 1, "time": 1715337196.6923058, "data": {"name": "record_ui", "call_args": {"driver": "<poco.drivers.ios.iosPoco object at 0x11a3cb8e0>", "action": "'click'", "ui": "UIObjectProxy of \"\u77ed\u4fe1\u7ed1\u5b9a\"", "args": "[0.8333333333333334, 0.3497536945812808]"}, "start_time": 1715337196.692182, "ret": "UIObjectProxy of \"\u77ed\u4fe1\u7ed1\u5b9a\"", "end_time": 1715337196.692298}}
{"tag": "function", "depth": 2, "time": 1715337196.934931, "data": {"name": "try_log_screen", "call_args": {"screen": null, "quality": null, "max_size": null}, "start_time": 1715337196.693412, "ret": {"screen": "1715337196893.jpg", "resolution": [1124, 2436]}, "end_time": 1715337196.9348962}}
{"tag": "function", "depth": 1, "time": 1715337197.9505742, "data": {"name": "touch", "call_args": {"v": [936.6666666666667, 852.0], "kwargs": {"duration": 0.01}, "times": 1}, "start_time": 1715337196.693311, "ret": [936.6666666666667, 852.0], "end_time": 1715337197.9505548}}
{"tag": "function", "depth": 2, "time": 1715337205.620738, "data": {"name": "try_log_screen", "call_args": {"screen": null, "quality": null, "max_size": null}, "start_time": 1715337205.3840451, "ret": {"screen": "1715337205581.jpg", "resolution": [1124, 2436]}, "end_time": 1715337205.620724}}
{"tag": "function", "depth": 1, "time": 1715337205.620864, "data": {"name": "assert_true", "call_args": {"expr": false, "msg": "ios-\u77ed\u4fe1\u89e3\u7ed1"}, "start_time": 1715337205.3835268, "traceback": "Traceback (most recent call last):\n  File \"/Users/topjoy/Library/Python/3.9/lib/python/site-packages/airtest/utils/logwraper.py\", line 131, in wrapper\n    res = f(*args, **kwargs)\n  File \"/Users/topjoy/Library/Python/3.9/lib/python/site-packages/airtest/core/assertions.py\", line 100, in assert_true\n    assert bool(expr), \"expression is not True, message: %s\" % msg\nAssertionError: expression is not True, message: ios-\u77ed\u4fe1\u89e3\u7ed1\n", "end_time": 1715337205.384033}}
{"tag": "function", "depth": 1, "time": 1715337209.674397, "data": {"name": "stop_app", "call_args": {"package": "com.topjoy.zeusdemo"}, "start_time": 1715337208.624147, "ret": null, "end_time": 1715337209.6743748}}
{"tag": "function", "depth": 1, "time": 1715337210.864872, "data": {"name": "start_app", "call_args": {"package": "com.topjoy.zeusdemo", "activity": null}, "start_time": 1715337209.6773372, "ret": null, "end_time": 1715337210.864853}}
{"tag": "function", "depth": 1, "time": 1715337221.51676, "data": {"name": "record_ui", "call_args": {"driver": "<poco.drivers.ios.iosPoco object at 0x11a3cb8e0>", "action": "'click'", "ui": "UIObjectProxy of \"\u521d\u59cb\u5316\"", "args": "[0.8333333333333334, 0.2413793103448276]"}, "start_time": 1715337221.516684, "ret": "UIObjectProxy of \"\u521d\u59cb\u5316\"", "end_time": 1715337221.516754}}
{"tag": "function", "depth": 2, "time": 1715337221.7452118, "data": {"name": "try_log_screen", "call_args": {"screen": null, "quality": null, "max_size": null}, "start_time": 1715337221.517914, "ret": {"screen": "1715337221707.jpg", "resolution": [1124, 2436]}, "end_time": 1715337221.745195}}
{"tag": "function", "depth": 1, "time": 1715337222.731489, "data": {"name": "touch", "call_args": {"v": [936.6666666666667, 588.0], "kwargs": {"duration": 0.01}, "times": 1}, "start_time": 1715337221.517835, "ret": [936.6666666666667, 588.0], "end_time": 1715337222.7314649}}
{"tag": "function", "depth": 1, "time": 1715337235.096606, "data": {"name": "record_ui", "call_args": {"driver": "<poco.drivers.ios.iosPoco object at 0x11a3cb8e0>", "action": "'click'", "ui": "UIObjectProxy of \"\u9759\u9ed8\u767b\u5f55\"", "args": "[0.8333333333333334, 0.5665024630541872]"}, "start_time": 1715337235.09653, "ret": "UIObjectProxy of \"\u9759\u9ed8\u767b\u5f55\"", "end_time": 1715337235.096599}}
{"tag": "function", "depth": 2, "time": 1715337235.3191948, "data": {"name": "try_log_screen", "call_args": {"screen": null, "quality": null, "max_size": null}, "start_time": 1715337235.097756, "ret": {"screen": "1715337235282.jpg", "resolution": [1124, 2436]}, "end_time": 1715337235.31918}}
{"tag": "function", "depth": 1, "time": 1715337236.2862349, "data": {"name": "touch", "call_args": {"v": [936.6666666666667, 1380.0], "kwargs": {"duration": 0.01}, "times": 1}, "start_time": 1715337235.097686, "ret": [936.6666666666667, 1380.0], "end_time": 1715337236.28619}}
{"tag": "function", "depth": 1, "time": 1715337248.6267378, "data": {"name": "record_ui", "call_args": {"driver": "<poco.drivers.ios.iosPoco object at 0x11a3cb8e0>", "action": "'click'", "ui": "UIObjectProxy of \"\u77ed\u4fe1\u7ed1\u5b9a\"", "args": "[0.8333333333333334, 0.3497536945812808]"}, "start_time": 1715337248.626623, "ret": "UIObjectProxy of \"\u77ed\u4fe1\u7ed1\u5b9a\"", "end_time": 1715337248.6267278}}
{"tag": "function", "depth": 2, "time": 1715337248.849004, "data": {"name": "try_log_screen", "call_args": {"screen": null, "quality": null, "max_size": null}, "start_time": 1715337248.627796, "ret": {"screen": "1715337248811.jpg", "resolution": [1124, 2436]}, "end_time": 1715337248.848989}}
{"tag": "function", "depth": 1, "time": 1715337249.848348, "data": {"name": "touch", "call_args": {"v": [936.6666666666667, 852.0], "kwargs": {"duration": 0.01}, "times": 1}, "start_time": 1715337248.627691, "ret": [936.6666666666667, 852.0], "end_time": 1715337249.848321}}
{"tag": "function", "depth": 1, "time": 1715337262.857184, "data": {"name": "text", "call_args": {"text": "17600116844", "kwargs": {}, "enter": true}, "start_time": 1715337262.3266509, "ret": null, "end_time": 1715337262.857107}}
{"tag": "function", "depth": 1, "time": 1715337269.0791948, "data": {"name": "text", "call_args": {"text": "6666", "kwargs": {}, "enter": true}, "start_time": 1715337268.645344, "ret": null, "end_time": 1715337269.07916}}
{"tag": "function", "depth": 2, "time": 1715337275.101739, "data": {"name": "try_log_screen", "call_args": {"screen": null, "quality": null, "max_size": null}, "start_time": 1715337274.85505, "ret": {"screen": "1715337275053.jpg", "resolution": [1124, 2436]}, "end_time": 1715337275.101681}}
{"tag": "function", "depth": 1, "time": 1715337275.1019268, "data": {"name": "assert_true", "call_args": {"expr": false, "msg": "ios-\u77ed\u4fe1\u7ed1\u5b9a"}, "start_time": 1715337274.853278, "traceback": "Traceback (most recent call last):\n  File \"/Users/topjoy/Library/Python/3.9/lib/python/site-packages/airtest/utils/logwraper.py\", line 131, in wrapper\n    res = f(*args, **kwargs)\n  File \"/Users/topjoy/Library/Python/3.9/lib/python/site-packages/airtest/core/assertions.py\", line 100, in assert_true\n    assert bool(expr), \"expression is not True, message: %s\" % msg\nAssertionError: expression is not True, message: ios-\u77ed\u4fe1\u7ed1\u5b9a\n", "end_time": 1715337274.855031}}
{"tag": "function", "depth": 1, "time": 1715337276.129662, "data": {"name": "stop_app", "call_args": {"package": "com.topjoy.zeusdemo"}, "start_time": 1715337275.102941, "ret": null, "end_time": 1715337276.1296508}}
{"tag": "function", "depth": 1, "time": 1715337277.310415, "data": {"name": "start_app", "call_args": {"package": "com.topjoy.zeusdemo", "activity": null}, "start_time": 1715337276.13041, "ret": null, "end_time": 1715337277.3103628}}
{"tag": "function", "depth": 1, "time": 1715337607.445583, "data": {"name": "stop_app", "call_args": {"package": "com.topjoy.zeusdemo"}, "start_time": 1715337460.464971, "traceback": "Traceback (most recent call last):\n  File \"/Library/Python/3.9/site-packages/urllib3/connection.py\", line 159, in _new_conn\n    conn = connection.create_connection(\n  File \"/Library/Python/3.9/site-packages/urllib3/util/connection.py\", line 84, in create_connection\n    raise err\n  File \"/Library/Python/3.9/site-packages/urllib3/util/connection.py\", line 74, in create_connection\n    sock.connect(sa)\nTimeoutError: [Errno 60] Operation timed out\n\nDuring handling of the above exception, another exception occurred:\n\nTraceback (most recent call last):\n  File \"/Library/Python/3.9/site-packages/urllib3/connectionpool.py\", line 670, in urlopen\n    httplib_response = self._make_request(\n  File \"/Library/Python/3.9/site-packages/urllib3/connectionpool.py\", line 392, in _make_request\n    conn.request(method, url, **httplib_request_kw)\n  File \"/Applications/Xcode.app/Contents/Developer/Library/Frameworks/Python3.framework/Versions/3.9/lib/python3.9/http/client.py\", line 1257, in request\n    self._send_request(method, url, body, headers, encode_chunked)\n  File \"/Applications/Xcode.app/Contents/Developer/Library/Frameworks/Python3.framework/Versions/3.9/lib/python3.9/http/client.py\", line 1303, in _send_request\n    self.endheaders(body, encode_chunked=encode_chunked)\n  File \"/Applications/Xcode.app/Contents/Developer/Library/Frameworks/Python3.framework/Versions/3.9/lib/python3.9/http/client.py\", line 1252, in endheaders\n    self._send_output(message_body, encode_chunked=encode_chunked)\n  File \"/Applications/Xcode.app/Contents/Developer/Library/Frameworks/Python3.framework/Versions/3.9/lib/python3.9/http/client.py\", line 1012, in _send_output\n    self.send(msg)\n  File \"/Applications/Xcode.app/Contents/Developer/Library/Frameworks/Python3.framework/Versions/3.9/lib/python3.9/http/client.py\", line 952, in send\n    self.connect()\n  File \"/Library/Python/3.9/site-packages/urllib3/connection.py\", line 187, in connect\n    conn = self._new_conn()\n  File \"/Library/Python/3.9/site-packages/urllib3/connection.py\", line 171, in _new_conn\n    raise NewConnectionError(\nurllib3.exceptions.NewConnectionError: <urllib3.connection.HTTPConnection object at 0x11a7e6fa0>: Failed to establish a new connection: [Errno 60] Operation timed out\n\nDuring handling of the above exception, another exception occurred:\n\nTraceback (most recent call last):\n  File \"/Library/Python/3.9/site-packages/requests/adapters.py\", line 439, in send\n    resp = conn.urlopen(\n  File \"/Library/Python/3.9/site-packages/urllib3/connectionpool.py\", line 726, in urlopen\n    retries = retries.increment(\n  File \"/Library/Python/3.9/site-packages/urllib3/util/retry.py\", line 446, in increment\n    raise MaxRetryError(_pool, url, error or ResponseError(cause))\nurllib3.exceptions.MaxRetryError: HTTPConnectionPool(host='169.254.68.74', port=8100): Max retries exceeded with url: /session/1CF95E65-83C6-4E54-8B8A-29C6CA787B88/wda/apps/terminate (Caused by NewConnectionError('<urllib3.connection.HTTPConnection object at 0x11a7e6fa0>: Failed to establish a new connection: [Errno 60] Operation timed out'))\n\nDuring handling of the above exception, another exception occurred:\n\nTraceback (most recent call last):\n  File \"/Users/topjoy/Library/Python/3.9/lib/python/site-packages/airtest/utils/logwraper.py\", line 131, in wrapper\n    res = f(*args, **kwargs)\n  File \"/Users/topjoy/Library/Python/3.9/lib/python/site-packages/airtest/core/api.py\", line 203, in stop_app\n    G.DEVICE.stop_app(package)\n  File \"/Users/topjoy/Library/Python/3.9/lib/python/site-packages/airtest/core/ios/ios.py\", line 47, in wrapper\n    return func(self, *args, **kwargs)\n  File \"/Users/topjoy/Library/Python/3.9/lib/python/site-packages/airtest/core/ios/ios.py\", line 851, in stop_app\n    self.driver.app_stop(bundle_id=bundle_id)\n  File \"/Library/Python/3.9/site-packages/wda/__init__.py\", line 856, in app_stop\n    self.app_terminate(bundle_id)\n  File \"/Library/Python/3.9/site-packages/wda/__init__.py\", line 827, in app_terminate\n    return self._session_http.post(\"/wda/apps/terminate\", {\n  File \"/Library/Python/3.9/site-packages/wda/utils.py\", line 47, in _inner\n    return fn(*args, **kwargs)\n  File \"/Library/Python/3.9/site-packages/wda/__init__.py\", line 460, in _fetch\n    response = httpdo(url, method, data, timeout)\n  File \"/Library/Python/3.9/site-packages/wda/__init__.py\", line 130, in httpdo\n    return _unsafe_httpdo(url, method, data, timeout)\n  File \"/Library/Python/3.9/site-packages/wda/__init__.py\", line 157, in _unsafe_httpdo\n    response = request_session.request(method,\n  File \"/Library/Python/3.9/site-packages/requests/sessions.py\", line 530, in request\n    resp = self.send(prep, **send_kwargs)\n  File \"/Library/Python/3.9/site-packages/requests/sessions.py\", line 643, in send\n    r = adapter.send(request, **kwargs)\n  File \"/Library/Python/3.9/site-packages/requests/adapters.py\", line 516, in send\n    raise ConnectionError(e, request=request)\nrequests.exceptions.ConnectionError: HTTPConnectionPool(host='169.254.68.74', port=8100): Max retries exceeded with url: /session/1CF95E65-83C6-4E54-8B8A-29C6CA787B88/wda/apps/terminate (Caused by NewConnectionError('<urllib3.connection.HTTPConnection object at 0x11a7e6fa0>: Failed to establish a new connection: [Errno 60] Operation timed out'))\n", "end_time": 1715337607.4454331}}
{"tag": "function", "depth": 1, "time": 1715337757.470825, "data": {"name": "stop_app", "call_args": {"package": "com.topjoy.zeusdemo"}, "start_time": 1715337610.4572532, "traceback": "Traceback (most recent call last):\n  File \"/Library/Python/3.9/site-packages/urllib3/connection.py\", line 159, in _new_conn\n    conn = connection.create_connection(\n  File \"/Library/Python/3.9/site-packages/urllib3/util/connection.py\", line 84, in create_connection\n    raise err\n  File \"/Library/Python/3.9/site-packages/urllib3/util/connection.py\", line 74, in create_connection\n    sock.connect(sa)\nTimeoutError: [Errno 60] Operation timed out\n\nDuring handling of the above exception, another exception occurred:\n\nTraceback (most recent call last):\n  File \"/Library/Python/3.9/site-packages/urllib3/connectionpool.py\", line 670, in urlopen\n    httplib_response = self._make_request(\n  File \"/Library/Python/3.9/site-packages/urllib3/connectionpool.py\", line 392, in _make_request\n    conn.request(method, url, **httplib_request_kw)\n  File \"/Applications/Xcode.app/Contents/Developer/Library/Frameworks/Python3.framework/Versions/3.9/lib/python3.9/http/client.py\", line 1257, in request\n    self._send_request(method, url, body, headers, encode_chunked)\n  File \"/Applications/Xcode.app/Contents/Developer/Library/Frameworks/Python3.framework/Versions/3.9/lib/python3.9/http/client.py\", line 1303, in _send_request\n    self.endheaders(body, encode_chunked=encode_chunked)\n  File \"/Applications/Xcode.app/Contents/Developer/Library/Frameworks/Python3.framework/Versions/3.9/lib/python3.9/http/client.py\", line 1252, in endheaders\n    self._send_output(message_body, encode_chunked=encode_chunked)\n  File \"/Applications/Xcode.app/Contents/Developer/Library/Frameworks/Python3.framework/Versions/3.9/lib/python3.9/http/client.py\", line 1012, in _send_output\n    self.send(msg)\n  File \"/Applications/Xcode.app/Contents/Developer/Library/Frameworks/Python3.framework/Versions/3.9/lib/python3.9/http/client.py\", line 952, in send\n    self.connect()\n  File \"/Library/Python/3.9/site-packages/urllib3/connection.py\", line 187, in connect\n    conn = self._new_conn()\n  File \"/Library/Python/3.9/site-packages/urllib3/connection.py\", line 171, in _new_conn\n    raise NewConnectionError(\nurllib3.exceptions.NewConnectionError: <urllib3.connection.HTTPConnection object at 0x11a507df0>: Failed to establish a new connection: [Errno 60] Operation timed out\n\nDuring handling of the above exception, another exception occurred:\n\nTraceback (most recent call last):\n  File \"/Library/Python/3.9/site-packages/requests/adapters.py\", line 439, in send\n    resp = conn.urlopen(\n  File \"/Library/Python/3.9/site-packages/urllib3/connectionpool.py\", line 726, in urlopen\n    retries = retries.increment(\n  File \"/Library/Python/3.9/site-packages/urllib3/util/retry.py\", line 446, in increment\n    raise MaxRetryError(_pool, url, error or ResponseError(cause))\nurllib3.exceptions.MaxRetryError: HTTPConnectionPool(host='169.254.68.74', port=8100): Max retries exceeded with url: /status (Caused by NewConnectionError('<urllib3.connection.HTTPConnection object at 0x11a507df0>: Failed to establish a new connection: [Errno 60] Operation timed out'))\n\nDuring handling of the above exception, another exception occurred:\n\nTraceback (most recent call last):\n  File \"/Users/topjoy/Library/Python/3.9/lib/python/site-packages/airtest/utils/logwraper.py\", line 131, in wrapper\n    res = f(*args, **kwargs)\n  File \"/Users/topjoy/Library/Python/3.9/lib/python/site-packages/airtest/core/api.py\", line 203, in stop_app\n    G.DEVICE.stop_app(package)\n  File \"/Users/topjoy/Library/Python/3.9/lib/python/site-packages/airtest/core/ios/ios.py\", line 47, in wrapper\n    return func(self, *args, **kwargs)\n  File \"/Users/topjoy/Library/Python/3.9/lib/python/site-packages/airtest/core/ios/ios.py\", line 851, in stop_app\n    self.driver.app_stop(bundle_id=bundle_id)\n  File \"/Library/Python/3.9/site-packages/wda/__init__.py\", line 856, in app_stop\n    self.app_terminate(bundle_id)\n  File \"/Library/Python/3.9/site-packages/wda/__init__.py\", line 827, in app_terminate\n    return self._session_http.post(\"/wda/apps/terminate\", {\n  File \"/Library/Python/3.9/site-packages/wda/utils.py\", line 47, in _inner\n    return fn(*args, **kwargs)\n  File \"/Library/Python/3.9/site-packages/wda/__init__.py\", line 457, in _fetch\n    url = urljoin(self.__wda_url, \"session\", self.session_id,\n  File \"/Library/Python/3.9/site-packages/wda/__init__.py\", line 692, in session_id\n    current_sid = self.status()['sessionId']\n  File \"/Library/Python/3.9/site-packages/decorator.py\", line 232, in fun\n    return caller(func, *(extras + args), **kw)\n  File \"/Library/Python/3.9/site-packages/retry/api.py\", line 73, in retry_decorator\n    return __retry_internal(partial(f, *args, **kwargs), exceptions, tries, delay, max_delay, backoff, jitter,\n  File \"/Library/Python/3.9/site-packages/retry/api.py\", line 33, in __retry_internal\n    return f()\n  File \"/Library/Python/3.9/site-packages/wda/__init__.py\", line 385, in status\n    res = self.http.get('status')\n  File \"/Library/Python/3.9/site-packages/wda/utils.py\", line 47, in _inner\n    return fn(*args, **kwargs)\n  File \"/Library/Python/3.9/site-packages/wda/__init__.py\", line 460, in _fetch\n    response = httpdo(url, method, data, timeout)\n  File \"/Library/Python/3.9/site-packages/wda/__init__.py\", line 130, in httpdo\n    return _unsafe_httpdo(url, method, data, timeout)\n  File \"/Library/Python/3.9/site-packages/wda/__init__.py\", line 157, in _unsafe_httpdo\n    response = request_session.request(method,\n  File \"/Library/Python/3.9/site-packages/requests/sessions.py\", line 530, in request\n    resp = self.send(prep, **send_kwargs)\n  File \"/Library/Python/3.9/site-packages/requests/sessions.py\", line 643, in send\n    r = adapter.send(request, **kwargs)\n  File \"/Library/Python/3.9/site-packages/requests/adapters.py\", line 516, in send\n    raise ConnectionError(e, request=request)\nrequests.exceptions.ConnectionError: HTTPConnectionPool(host='169.254.68.74', port=8100): Max retries exceeded with url: /status (Caused by NewConnectionError('<urllib3.connection.HTTPConnection object at 0x11a507df0>: Failed to establish a new connection: [Errno 60] Operation timed out'))\n", "end_time": 1715337757.470809}}
{"tag": "function", "depth": 1, "time": 1715337907.488744, "data": {"name": "stop_app", "call_args": {"package": "com.topjoy.zeusdemo"}, "start_time": 1715337760.476043, "traceback": "Traceback (most recent call last):\n  File \"/Library/Python/3.9/site-packages/urllib3/connection.py\", line 159, in _new_conn\n    conn = connection.create_connection(\n  File \"/Library/Python/3.9/site-packages/urllib3/util/connection.py\", line 84, in create_connection\n    raise err\n  File \"/Library/Python/3.9/site-packages/urllib3/util/connection.py\", line 74, in create_connection\n    sock.connect(sa)\nTimeoutError: [Errno 60] Operation timed out\n\nDuring handling of the above exception, another exception occurred:\n\nTraceback (most recent call last):\n  File \"/Library/Python/3.9/site-packages/urllib3/connectionpool.py\", line 670, in urlopen\n    httplib_response = self._make_request(\n  File \"/Library/Python/3.9/site-packages/urllib3/connectionpool.py\", line 392, in _make_request\n    conn.request(method, url, **httplib_request_kw)\n  File \"/Applications/Xcode.app/Contents/Developer/Library/Frameworks/Python3.framework/Versions/3.9/lib/python3.9/http/client.py\", line 1257, in request\n    self._send_request(method, url, body, headers, encode_chunked)\n  File \"/Applications/Xcode.app/Contents/Developer/Library/Frameworks/Python3.framework/Versions/3.9/lib/python3.9/http/client.py\", line 1303, in _send_request\n    self.endheaders(body, encode_chunked=encode_chunked)\n  File \"/Applications/Xcode.app/Contents/Developer/Library/Frameworks/Python3.framework/Versions/3.9/lib/python3.9/http/client.py\", line 1252, in endheaders\n    self._send_output(message_body, encode_chunked=encode_chunked)\n  File \"/Applications/Xcode.app/Contents/Developer/Library/Frameworks/Python3.framework/Versions/3.9/lib/python3.9/http/client.py\", line 1012, in _send_output\n    self.send(msg)\n  File \"/Applications/Xcode.app/Contents/Developer/Library/Frameworks/Python3.framework/Versions/3.9/lib/python3.9/http/client.py\", line 952, in send\n    self.connect()\n  File \"/Library/Python/3.9/site-packages/urllib3/connection.py\", line 187, in connect\n    conn = self._new_conn()\n  File \"/Library/Python/3.9/site-packages/urllib3/connection.py\", line 171, in _new_conn\n    raise NewConnectionError(\nurllib3.exceptions.NewConnectionError: <urllib3.connection.HTTPConnection object at 0x11a507160>: Failed to establish a new connection: [Errno 60] Operation timed out\n\nDuring handling of the above exception, another exception occurred:\n\nTraceback (most recent call last):\n  File \"/Library/Python/3.9/site-packages/requests/adapters.py\", line 439, in send\n    resp = conn.urlopen(\n  File \"/Library/Python/3.9/site-packages/urllib3/connectionpool.py\", line 726, in urlopen\n    retries = retries.increment(\n  File \"/Library/Python/3.9/site-packages/urllib3/util/retry.py\", line 446, in increment\n    raise MaxRetryError(_pool, url, error or ResponseError(cause))\nurllib3.exceptions.MaxRetryError: HTTPConnectionPool(host='169.254.68.74', port=8100): Max retries exceeded with url: /status (Caused by NewConnectionError('<urllib3.connection.HTTPConnection object at 0x11a507160>: Failed to establish a new connection: [Errno 60] Operation timed out'))\n\nDuring handling of the above exception, another exception occurred:\n\nTraceback (most recent call last):\n  File \"/Users/topjoy/Library/Python/3.9/lib/python/site-packages/airtest/utils/logwraper.py\", line 131, in wrapper\n    res = f(*args, **kwargs)\n  File \"/Users/topjoy/Library/Python/3.9/lib/python/site-packages/airtest/core/api.py\", line 203, in stop_app\n    G.DEVICE.stop_app(package)\n  File \"/Users/topjoy/Library/Python/3.9/lib/python/site-packages/airtest/core/ios/ios.py\", line 47, in wrapper\n    return func(self, *args, **kwargs)\n  File \"/Users/topjoy/Library/Python/3.9/lib/python/site-packages/airtest/core/ios/ios.py\", line 851, in stop_app\n    self.driver.app_stop(bundle_id=bundle_id)\n  File \"/Library/Python/3.9/site-packages/wda/__init__.py\", line 856, in app_stop\n    self.app_terminate(bundle_id)\n  File \"/Library/Python/3.9/site-packages/wda/__init__.py\", line 827, in app_terminate\n    return self._session_http.post(\"/wda/apps/terminate\", {\n  File \"/Library/Python/3.9/site-packages/wda/utils.py\", line 47, in _inner\n    return fn(*args, **kwargs)\n  File \"/Library/Python/3.9/site-packages/wda/__init__.py\", line 457, in _fetch\n    url = urljoin(self.__wda_url, \"session\", self.session_id,\n  File \"/Library/Python/3.9/site-packages/wda/__init__.py\", line 692, in session_id\n    current_sid = self.status()['sessionId']\n  File \"/Library/Python/3.9/site-packages/decorator.py\", line 232, in fun\n    return caller(func, *(extras + args), **kw)\n  File \"/Library/Python/3.9/site-packages/retry/api.py\", line 73, in retry_decorator\n    return __retry_internal(partial(f, *args, **kwargs), exceptions, tries, delay, max_delay, backoff, jitter,\n  File \"/Library/Python/3.9/site-packages/retry/api.py\", line 33, in __retry_internal\n    return f()\n  File \"/Library/Python/3.9/site-packages/wda/__init__.py\", line 385, in status\n    res = self.http.get('status')\n  File \"/Library/Python/3.9/site-packages/wda/utils.py\", line 47, in _inner\n    return fn(*args, **kwargs)\n  File \"/Library/Python/3.9/site-packages/wda/__init__.py\", line 460, in _fetch\n    response = httpdo(url, method, data, timeout)\n  File \"/Library/Python/3.9/site-packages/wda/__init__.py\", line 130, in httpdo\n    return _unsafe_httpdo(url, method, data, timeout)\n  File \"/Library/Python/3.9/site-packages/wda/__init__.py\", line 157, in _unsafe_httpdo\n    response = request_session.request(method,\n  File \"/Library/Python/3.9/site-packages/requests/sessions.py\", line 530, in request\n    resp = self.send(prep, **send_kwargs)\n  File \"/Library/Python/3.9/site-packages/requests/sessions.py\", line 643, in send\n    r = adapter.send(request, **kwargs)\n  File \"/Library/Python/3.9/site-packages/requests/adapters.py\", line 516, in send\n    raise ConnectionError(e, request=request)\nrequests.exceptions.ConnectionError: HTTPConnectionPool(host='169.254.68.74', port=8100): Max retries exceeded with url: /status (Caused by NewConnectionError('<urllib3.connection.HTTPConnection object at 0x11a507160>: Failed to establish a new connection: [Errno 60] Operation timed out'))\n", "end_time": 1715337907.4887302}}
